{"C:\\Users\\kostij\\launch_school_courses_and_repos\\todolist_class\\todo.js": {"path":"C:\\Users\\kostij\\launch_school_courses_and_repos\\todolist_class\\todo.js","statementMap":{"0":{"start":{"line":9,"column":4},"end":{"line":9,"column":23}},"1":{"start":{"line":10,"column":4},"end":{"line":10,"column":22}},"2":{"start":{"line":13,"column":23},"end":{"line":13,"column":26}},"3":{"start":{"line":14,"column":25},"end":{"line":14,"column":28}},"4":{"start":{"line":17,"column":17},"end":{"line":17,"column":70}},"5":{"start":{"line":18,"column":4},"end":{"line":18,"column":39}},"6":{"start":{"line":22,"column":4},"end":{"line":22,"column":21}},"7":{"start":{"line":26,"column":4},"end":{"line":26,"column":22}},"8":{"start":{"line":30,"column":4},"end":{"line":30,"column":21}},"9":{"start":{"line":34,"column":4},"end":{"line":34,"column":22}},"10":{"start":{"line":38,"column":0},"end":{"line":38,"column":22}}},"fnMap":{"0":{"name":"(anonymous_0)","decl":{"start":{"line":8,"column":2},"end":{"line":8,"column":3}},"loc":{"start":{"line":8,"column":21},"end":{"line":11,"column":3}},"line":8},"1":{"name":"(anonymous_1)","decl":{"start":{"line":16,"column":2},"end":{"line":16,"column":3}},"loc":{"start":{"line":16,"column":13},"end":{"line":19,"column":3}},"line":16},"2":{"name":"(anonymous_2)","decl":{"start":{"line":21,"column":2},"end":{"line":21,"column":3}},"loc":{"start":{"line":21,"column":13},"end":{"line":23,"column":3}},"line":21},"3":{"name":"(anonymous_3)","decl":{"start":{"line":25,"column":2},"end":{"line":25,"column":3}},"loc":{"start":{"line":25,"column":15},"end":{"line":27,"column":3}},"line":25},"4":{"name":"(anonymous_4)","decl":{"start":{"line":29,"column":2},"end":{"line":29,"column":3}},"loc":{"start":{"line":29,"column":11},"end":{"line":31,"column":3}},"line":29},"5":{"name":"(anonymous_5)","decl":{"start":{"line":33,"column":2},"end":{"line":33,"column":3}},"loc":{"start":{"line":33,"column":13},"end":{"line":35,"column":3}},"line":33}},"branchMap":{"0":{"loc":{"start":{"line":17,"column":17},"end":{"line":17,"column":70}},"type":"cond-expr","locations":[{"start":{"line":17,"column":33},"end":{"line":17,"column":49}},{"start":{"line":17,"column":52},"end":{"line":17,"column":70}}],"line":17}},"s":{"0":60,"1":60,"2":1,"3":1,"4":11,"5":11,"6":18,"7":7,"8":20,"9":0,"10":1},"f":{"0":60,"1":11,"2":18,"3":7,"4":20,"5":0},"b":{"0":[6,5]},"_coverageSchema":"1a1c01bbd47fc00a2c39e90264f33305004495a9","hash":"64d88e53df6a1412b3f0659a3e7f5ad1390909a1"}
,"C:\\Users\\kostij\\launch_school_courses_and_repos\\todolist_class\\todolist.js": {"path":"C:\\Users\\kostij\\launch_school_courses_and_repos\\todolist_class\\todolist.js","statementMap":{"0":{"start":{"line":2,"column":13},"end":{"line":2,"column":30}},"1":{"start":{"line":6,"column":4},"end":{"line":6,"column":23}},"2":{"start":{"line":7,"column":4},"end":{"line":7,"column":20}},"3":{"start":{"line":11,"column":4},"end":{"line":13,"column":5}},"4":{"start":{"line":12,"column":6},"end":{"line":12,"column":51}},"5":{"start":{"line":15,"column":4},"end":{"line":15,"column":26}},"6":{"start":{"line":19,"column":4},"end":{"line":19,"column":29}},"7":{"start":{"line":23,"column":4},"end":{"line":23,"column":25}},"8":{"start":{"line":27,"column":4},"end":{"line":27,"column":39}},"9":{"start":{"line":31,"column":4},"end":{"line":31,"column":31}},"10":{"start":{"line":32,"column":4},"end":{"line":32,"column":29}},"11":{"start":{"line":36,"column":4},"end":{"line":38,"column":5}},"12":{"start":{"line":37,"column":6},"end":{"line":37,"column":58}},"13":{"start":{"line":42,"column":4},"end":{"line":42,"column":31}},"14":{"start":{"line":44,"column":4},"end":{"line":44,"column":34}},"15":{"start":{"line":48,"column":4},"end":{"line":48,"column":31}},"16":{"start":{"line":50,"column":4},"end":{"line":50,"column":36}},"17":{"start":{"line":54,"column":4},"end":{"line":54,"column":51}},"18":{"start":{"line":54,"column":36},"end":{"line":54,"column":49}},"19":{"start":{"line":58,"column":4},"end":{"line":58,"column":30}},"20":{"start":{"line":62,"column":4},"end":{"line":62,"column":28}},"21":{"start":{"line":66,"column":4},"end":{"line":66,"column":31}},"22":{"start":{"line":68,"column":4},"end":{"line":68,"column":39}},"23":{"start":{"line":72,"column":4},"end":{"line":72,"column":113}},"24":{"start":{"line":72,"column":51},"end":{"line":72,"column":84}},"25":{"start":{"line":76,"column":4},"end":{"line":76,"column":33}},"26":{"start":{"line":80,"column":19},"end":{"line":80,"column":43}},"27":{"start":{"line":82,"column":4},"end":{"line":86,"column":5}},"28":{"start":{"line":82,"column":21},"end":{"line":82,"column":22}},"29":{"start":{"line":83,"column":6},"end":{"line":85,"column":7}},"30":{"start":{"line":84,"column":8},"end":{"line":84,"column":40}},"31":{"start":{"line":88,"column":4},"end":{"line":88,"column":20}},"32":{"start":{"line":92,"column":4},"end":{"line":92,"column":72}},"33":{"start":{"line":92,"column":37},"end":{"line":92,"column":62}},"34":{"start":{"line":96,"column":4},"end":{"line":96,"column":46}},"35":{"start":{"line":96,"column":31},"end":{"line":96,"column":44}},"36":{"start":{"line":100,"column":4},"end":{"line":100,"column":47}},"37":{"start":{"line":100,"column":31},"end":{"line":100,"column":45}},"38":{"start":{"line":104,"column":20},"end":{"line":104,"column":43}},"39":{"start":{"line":106,"column":4},"end":{"line":108,"column":5}},"40":{"start":{"line":107,"column":6},"end":{"line":107,"column":27}},"41":{"start":{"line":112,"column":4},"end":{"line":112,"column":42}},"42":{"start":{"line":112,"column":25},"end":{"line":112,"column":40}},"43":{"start":{"line":116,"column":4},"end":{"line":116,"column":44}},"44":{"start":{"line":116,"column":25},"end":{"line":116,"column":42}},"45":{"start":{"line":120,"column":4},"end":{"line":120,"column":30}},"46":{"start":{"line":124,"column":0},"end":{"line":124,"column":26}},"47":{"start":{"line":199,"column":12},"end":{"line":199,"column":32}},"48":{"start":{"line":200,"column":12},"end":{"line":200,"column":34}},"49":{"start":{"line":201,"column":12},"end":{"line":201,"column":37}},"50":{"start":{"line":202,"column":12},"end":{"line":202,"column":35}},"51":{"start":{"line":203,"column":12},"end":{"line":203,"column":37}},"52":{"start":{"line":204,"column":12},"end":{"line":204,"column":47}},"53":{"start":{"line":205,"column":11},"end":{"line":205,"column":40}},"54":{"start":{"line":207,"column":0},"end":{"line":207,"column":16}},"55":{"start":{"line":208,"column":0},"end":{"line":208,"column":16}},"56":{"start":{"line":209,"column":0},"end":{"line":209,"column":16}},"57":{"start":{"line":210,"column":0},"end":{"line":210,"column":16}},"58":{"start":{"line":211,"column":0},"end":{"line":211,"column":16}},"59":{"start":{"line":212,"column":0},"end":{"line":212,"column":16}},"60":{"start":{"line":215,"column":0},"end":{"line":215,"column":17}},"61":{"start":{"line":216,"column":0},"end":{"line":216,"column":17}},"62":{"start":{"line":218,"column":0},"end":{"line":218,"column":24}},"63":{"start":{"line":220,"column":0},"end":{"line":220,"column":19}},"64":{"start":{"line":221,"column":0},"end":{"line":221,"column":21}},"65":{"start":{"line":223,"column":15},"end":{"line":223,"column":25}}},"fnMap":{"0":{"name":"(anonymous_0)","decl":{"start":{"line":5,"column":2},"end":{"line":5,"column":3}},"loc":{"start":{"line":5,"column":21},"end":{"line":8,"column":3}},"line":5},"1":{"name":"(anonymous_1)","decl":{"start":{"line":10,"column":2},"end":{"line":10,"column":3}},"loc":{"start":{"line":10,"column":12},"end":{"line":16,"column":3}},"line":10},"2":{"name":"(anonymous_2)","decl":{"start":{"line":18,"column":2},"end":{"line":18,"column":3}},"loc":{"start":{"line":18,"column":9},"end":{"line":20,"column":3}},"line":18},"3":{"name":"(anonymous_3)","decl":{"start":{"line":22,"column":2},"end":{"line":22,"column":3}},"loc":{"start":{"line":22,"column":10},"end":{"line":24,"column":3}},"line":22},"4":{"name":"(anonymous_4)","decl":{"start":{"line":26,"column":2},"end":{"line":26,"column":3}},"loc":{"start":{"line":26,"column":9},"end":{"line":28,"column":3}},"line":26},"5":{"name":"(anonymous_5)","decl":{"start":{"line":30,"column":2},"end":{"line":30,"column":3}},"loc":{"start":{"line":30,"column":16},"end":{"line":33,"column":3}},"line":30},"6":{"name":"(anonymous_6)","decl":{"start":{"line":35,"column":2},"end":{"line":35,"column":3}},"loc":{"start":{"line":35,"column":24},"end":{"line":39,"column":3}},"line":35},"7":{"name":"(anonymous_7)","decl":{"start":{"line":41,"column":2},"end":{"line":41,"column":3}},"loc":{"start":{"line":41,"column":20},"end":{"line":45,"column":3}},"line":41},"8":{"name":"(anonymous_8)","decl":{"start":{"line":47,"column":2},"end":{"line":47,"column":3}},"loc":{"start":{"line":47,"column":22},"end":{"line":51,"column":3}},"line":47},"9":{"name":"(anonymous_9)","decl":{"start":{"line":53,"column":2},"end":{"line":53,"column":3}},"loc":{"start":{"line":53,"column":11},"end":{"line":55,"column":3}},"line":53},"10":{"name":"(anonymous_10)","decl":{"start":{"line":54,"column":28},"end":{"line":54,"column":29}},"loc":{"start":{"line":54,"column":36},"end":{"line":54,"column":49}},"line":54},"11":{"name":"(anonymous_11)","decl":{"start":{"line":57,"column":2},"end":{"line":57,"column":3}},"loc":{"start":{"line":57,"column":10},"end":{"line":59,"column":3}},"line":57},"12":{"name":"(anonymous_12)","decl":{"start":{"line":61,"column":2},"end":{"line":61,"column":3}},"loc":{"start":{"line":61,"column":8},"end":{"line":63,"column":3}},"line":61},"13":{"name":"(anonymous_13)","decl":{"start":{"line":65,"column":2},"end":{"line":65,"column":3}},"loc":{"start":{"line":65,"column":18},"end":{"line":69,"column":3}},"line":65},"14":{"name":"(anonymous_14)","decl":{"start":{"line":71,"column":2},"end":{"line":71,"column":3}},"loc":{"start":{"line":71,"column":13},"end":{"line":73,"column":3}},"line":71},"15":{"name":"(anonymous_15)","decl":{"start":{"line":72,"column":29},"end":{"line":72,"column":30}},"loc":{"start":{"line":72,"column":51},"end":{"line":72,"column":84}},"line":72},"16":{"name":"(anonymous_16)","decl":{"start":{"line":75,"column":2},"end":{"line":75,"column":3}},"loc":{"start":{"line":75,"column":20},"end":{"line":77,"column":3}},"line":75},"17":{"name":"(anonymous_17)","decl":{"start":{"line":79,"column":2},"end":{"line":79,"column":3}},"loc":{"start":{"line":79,"column":19},"end":{"line":89,"column":3}},"line":79},"18":{"name":"(anonymous_18)","decl":{"start":{"line":91,"column":2},"end":{"line":91,"column":3}},"loc":{"start":{"line":91,"column":21},"end":{"line":93,"column":3}},"line":91},"19":{"name":"(anonymous_19)","decl":{"start":{"line":92,"column":29},"end":{"line":92,"column":30}},"loc":{"start":{"line":92,"column":37},"end":{"line":92,"column":62}},"line":92},"20":{"name":"(anonymous_20)","decl":{"start":{"line":95,"column":2},"end":{"line":95,"column":3}},"loc":{"start":{"line":95,"column":12},"end":{"line":97,"column":3}},"line":95},"21":{"name":"(anonymous_21)","decl":{"start":{"line":96,"column":23},"end":{"line":96,"column":24}},"loc":{"start":{"line":96,"column":31},"end":{"line":96,"column":44}},"line":96},"22":{"name":"(anonymous_22)","decl":{"start":{"line":99,"column":2},"end":{"line":99,"column":3}},"loc":{"start":{"line":99,"column":15},"end":{"line":101,"column":3}},"line":99},"23":{"name":"(anonymous_23)","decl":{"start":{"line":100,"column":23},"end":{"line":100,"column":24}},"loc":{"start":{"line":100,"column":31},"end":{"line":100,"column":45}},"line":100},"24":{"name":"(anonymous_24)","decl":{"start":{"line":103,"column":2},"end":{"line":103,"column":3}},"loc":{"start":{"line":103,"column":18},"end":{"line":109,"column":3}},"line":103},"25":{"name":"(anonymous_25)","decl":{"start":{"line":111,"column":2},"end":{"line":111,"column":3}},"loc":{"start":{"line":111,"column":16},"end":{"line":113,"column":3}},"line":111},"26":{"name":"(anonymous_26)","decl":{"start":{"line":112,"column":17},"end":{"line":112,"column":18}},"loc":{"start":{"line":112,"column":25},"end":{"line":112,"column":40}},"line":112},"27":{"name":"(anonymous_27)","decl":{"start":{"line":115,"column":2},"end":{"line":115,"column":3}},"loc":{"start":{"line":115,"column":18},"end":{"line":117,"column":3}},"line":115},"28":{"name":"(anonymous_28)","decl":{"start":{"line":116,"column":17},"end":{"line":116,"column":18}},"loc":{"start":{"line":116,"column":25},"end":{"line":116,"column":42}},"line":116},"29":{"name":"(anonymous_29)","decl":{"start":{"line":119,"column":2},"end":{"line":119,"column":3}},"loc":{"start":{"line":119,"column":12},"end":{"line":121,"column":3}},"line":119}},"branchMap":{"0":{"loc":{"start":{"line":11,"column":4},"end":{"line":13,"column":5}},"type":"if","locations":[{"start":{"line":11,"column":4},"end":{"line":13,"column":5}},{"start":{"line":11,"column":4},"end":{"line":13,"column":5}}],"line":11},"1":{"loc":{"start":{"line":36,"column":4},"end":{"line":38,"column":5}},"type":"if","locations":[{"start":{"line":36,"column":4},"end":{"line":38,"column":5}},{"start":{"line":36,"column":4},"end":{"line":38,"column":5}}],"line":36},"2":{"loc":{"start":{"line":83,"column":6},"end":{"line":85,"column":7}},"type":"if","locations":[{"start":{"line":83,"column":6},"end":{"line":85,"column":7}},{"start":{"line":83,"column":6},"end":{"line":85,"column":7}}],"line":83},"3":{"loc":{"start":{"line":106,"column":4},"end":{"line":108,"column":5}},"type":"if","locations":[{"start":{"line":106,"column":4},"end":{"line":108,"column":5}},{"start":{"line":106,"column":4},"end":{"line":108,"column":5}}],"line":106}},"s":{"0":1,"1":21,"2":21,"3":62,"4":0,"5":62,"6":7,"7":1,"8":1,"9":8,"10":7,"11":15,"12":3,"13":4,"14":3,"15":1,"16":1,"17":2,"18":4,"19":1,"20":1,"21":2,"22":1,"23":5,"24":11,"25":6,"26":1,"27":1,"28":1,"29":3,"30":1,"31":1,"32":0,"33":0,"34":0,"35":0,"36":0,"37":0,"38":0,"39":0,"40":0,"41":3,"42":12,"43":1,"44":6,"45":4,"46":1,"47":1,"48":1,"49":1,"50":1,"51":1,"52":1,"53":1,"54":1,"55":1,"56":1,"57":1,"58":1,"59":1,"60":1,"61":1,"62":1,"63":1,"64":1,"65":1},"f":{"0":21,"1":62,"2":7,"3":1,"4":1,"5":8,"6":15,"7":4,"8":1,"9":2,"10":4,"11":1,"12":1,"13":2,"14":5,"15":11,"16":6,"17":1,"18":0,"19":0,"20":0,"21":0,"22":0,"23":0,"24":0,"25":3,"26":12,"27":1,"28":6,"29":4},"b":{"0":[0,62],"1":[3,12],"2":[1,2],"3":[0,0]},"_coverageSchema":"1a1c01bbd47fc00a2c39e90264f33305004495a9","hash":"dfe2d1ec1975f1db2c71b67bbc635c2c9e722e5c"}
}
