TN:
SF:todo.js
FN:8,(anonymous_0)
FN:16,(anonymous_1)
FN:21,(anonymous_2)
FN:25,(anonymous_3)
FN:29,(anonymous_4)
FN:33,(anonymous_5)
FNF:6
FNH:5
FNDA:60,(anonymous_0)
FNDA:11,(anonymous_1)
FNDA:18,(anonymous_2)
FNDA:7,(anonymous_3)
FNDA:20,(anonymous_4)
FNDA:0,(anonymous_5)
DA:9,60
DA:10,60
DA:13,1
DA:14,1
DA:17,11
DA:18,11
DA:22,18
DA:26,7
DA:30,20
DA:34,0
DA:38,1
LF:11
LH:10
BRDA:17,0,0,6
BRDA:17,0,1,5
BRF:2
BRH:2
end_of_record
TN:
SF:todolist.js
FN:5,(anonymous_0)
FN:10,(anonymous_1)
FN:18,(anonymous_2)
FN:22,(anonymous_3)
FN:26,(anonymous_4)
FN:30,(anonymous_5)
FN:35,(anonymous_6)
FN:41,(anonymous_7)
FN:47,(anonymous_8)
FN:53,(anonymous_9)
FN:54,(anonymous_10)
FN:57,(anonymous_11)
FN:61,(anonymous_12)
FN:65,(anonymous_13)
FN:71,(anonymous_14)
FN:72,(anonymous_15)
FN:75,(anonymous_16)
FN:79,(anonymous_17)
FN:91,(anonymous_18)
FN:92,(anonymous_19)
FN:95,(anonymous_20)
FN:96,(anonymous_21)
FN:99,(anonymous_22)
FN:100,(anonymous_23)
FN:103,(anonymous_24)
FN:111,(anonymous_25)
FN:112,(anonymous_26)
FN:115,(anonymous_27)
FN:116,(anonymous_28)
FN:119,(anonymous_29)
FNF:30
FNH:23
FNDA:21,(anonymous_0)
FNDA:62,(anonymous_1)
FNDA:7,(anonymous_2)
FNDA:1,(anonymous_3)
FNDA:1,(anonymous_4)
FNDA:8,(anonymous_5)
FNDA:15,(anonymous_6)
FNDA:4,(anonymous_7)
FNDA:1,(anonymous_8)
FNDA:2,(anonymous_9)
FNDA:4,(anonymous_10)
FNDA:1,(anonymous_11)
FNDA:1,(anonymous_12)
FNDA:2,(anonymous_13)
FNDA:5,(anonymous_14)
FNDA:11,(anonymous_15)
FNDA:6,(anonymous_16)
FNDA:1,(anonymous_17)
FNDA:0,(anonymous_18)
FNDA:0,(anonymous_19)
FNDA:0,(anonymous_20)
FNDA:0,(anonymous_21)
FNDA:0,(anonymous_22)
FNDA:0,(anonymous_23)
FNDA:0,(anonymous_24)
FNDA:3,(anonymous_25)
FNDA:12,(anonymous_26)
FNDA:1,(anonymous_27)
FNDA:6,(anonymous_28)
FNDA:4,(anonymous_29)
DA:2,1
DA:6,21
DA:7,21
DA:11,62
DA:12,0
DA:15,62
DA:19,7
DA:23,1
DA:27,1
DA:31,8
DA:32,7
DA:36,15
DA:37,3
DA:42,4
DA:44,3
DA:48,1
DA:50,1
DA:54,4
DA:58,1
DA:62,1
DA:66,2
DA:68,1
DA:72,11
DA:76,6
DA:80,1
DA:82,1
DA:83,3
DA:84,1
DA:88,1
DA:92,0
DA:96,0
DA:100,0
DA:104,0
DA:106,0
DA:107,0
DA:112,12
DA:116,6
DA:120,4
DA:124,1
DA:199,1
DA:200,1
DA:201,1
DA:202,1
DA:203,1
DA:204,1
DA:205,1
DA:207,1
DA:208,1
DA:209,1
DA:210,1
DA:211,1
DA:212,1
DA:215,1
DA:216,1
DA:218,1
DA:220,1
DA:221,1
DA:223,1
LF:58
LH:51
BRDA:11,0,0,0
BRDA:11,0,1,62
BRDA:36,1,0,3
BRDA:36,1,1,12
BRDA:83,2,0,1
BRDA:83,2,1,2
BRDA:106,3,0,0
BRDA:106,3,1,0
BRF:8
BRH:5
end_of_record
